<?xml version="1.0" encoding="UTF-8"?>
<!-- Generated by org.testng.reporters.JUnitReportReporter -->
<testsuite hostname="LuizHenrique-PC" name="Aula6.TestCompiler" tests="4" failures="0" timestamp="7 Jun 2015 21:05:58 GMT" time="0.581" errors="0">
  <testcase name="runningCode_outputsExpectedText" time="0.107" classname="Aula6.TestCompiler"/>
  <testcase name="runningCode_outputsExpectedText" time="0.087" classname="Aula6.TestCompiler"/>
  <testcase name="runningCode_outputsExpectedText" time="0.294" classname="Aula6.TestCompiler"/>
  <testcase name="runningCode_outputsExpectedText" time="0.093" classname="Aula6.TestCompiler"/>
</testsuite> <!-- Aula6.TestCompiler -->
